Mon Jan 16 17:13:52 +08 2023
Mon Jan 16 17:13:58 2023       
+-----------------------------------------------------------------------------+
| NVIDIA-SMI 440.33.01    Driver Version: 440.33.01    CUDA Version: 10.2     |
|-------------------------------+----------------------+----------------------+
| GPU  Name        Persistence-M| Bus-Id        Disp.A | Volatile Uncorr. ECC |
| Fan  Temp  Perf  Pwr:Usage/Cap|         Memory-Usage | GPU-Util  Compute M. |
|===============================+======================+======================|
|   0  Tesla V100-SXM2...  Off  | 00000000:15:00.0 Off |                  Off |
| N/A   37C    P0    54W / 300W |      0MiB / 32510MiB |      0%      Default |
+-------------------------------+----------------------+----------------------+
|   1  Tesla V100-SXM2...  Off  | 00000000:16:00.0 Off |                  Off |
| N/A   40C    P0    56W / 300W |      0MiB / 32510MiB |      0%      Default |
+-------------------------------+----------------------+----------------------+
|   2  Tesla V100-SXM2...  Off  | 00000000:3A:00.0 Off |                  Off |
| N/A   39C    P0    54W / 300W |      0MiB / 32510MiB |      0%      Default |
+-------------------------------+----------------------+----------------------+
|   3  Tesla V100-SXM2...  Off  | 00000000:3B:00.0 Off |                  Off |
| N/A   40C    P0    54W / 300W |      0MiB / 32510MiB |      0%      Default |
+-------------------------------+----------------------+----------------------+
|   4  Tesla V100-SXM2...  Off  | 00000000:89:00.0 Off |                  Off |
| N/A   38C    P0    55W / 300W |      0MiB / 32510MiB |      0%      Default |
+-------------------------------+----------------------+----------------------+
|   5  Tesla V100-SXM2...  Off  | 00000000:8A:00.0 Off |                  Off |
| N/A   45C    P0    58W / 300W |      0MiB / 32510MiB |      0%      Default |
+-------------------------------+----------------------+----------------------+
|   6  Tesla V100-SXM2...  Off  | 00000000:B2:00.0 Off |                  Off |
| N/A   37C    P0    55W / 300W |      0MiB / 32510MiB |      0%      Default |
+-------------------------------+----------------------+----------------------+
|   7  Tesla V100-SXM2...  Off  | 00000000:B3:00.0 Off |                  Off |
| N/A   39C    P0    54W / 300W |      0MiB / 32510MiB |      3%      Default |
+-------------------------------+----------------------+----------------------+
                                                                               
+-----------------------------------------------------------------------------+
| Processes:                                                       GPU Memory |
|  GPU       PID   Type   Process name                             Usage      |
|=============================================================================|
|  No running processes found                                                 |
+-----------------------------------------------------------------------------+
Max PSP kernel: 195.0
Scaling neuron[scaleRho] by Max PSP Kernel @slayerLoihi
Max PSP kernel: 195.0
Scaling neuron[scaleRho] by Max PSP Kernel @slayerLoihi
torch.Size([1, 2, 1, 1, 1450])
torch.Size([2, 1450])
